{"numTotalTestSuites":11,"numPassedTestSuites":11,"numFailedTestSuites":0,"numPendingTestSuites":0,"numTotalTests":27,"numPassedTests":27,"numFailedTests":0,"numPendingTests":0,"numTodoTests":0,"snapshot":{"added":0,"failure":false,"filesAdded":0,"filesRemoved":0,"filesRemovedList":[],"filesUnmatched":0,"filesUpdated":0,"matched":0,"total":0,"unchecked":0,"uncheckedKeysByFile":[],"unmatched":0,"updated":0,"didUpdate":false},"startTime":1777488668459,"success":true,"testResults":[{"assertionResults":[{"ancestorTitles":["Gauge Color Rendering Integration Tests (Task 6.6)","Low Risk Range (0-30) - Success Color"],"fullName":"Gauge Color Rendering Integration Tests (Task 6.6) Low Risk Range (0-30) - Success Color should display success color (#34D399) for score 0","status":"passed","title":"should display success color (#34D399) for score 0","duration":242.49980000000005,"failureMessages":[],"meta":{},"tags":[]},{"ancestorTitles":["Gauge Color Rendering Integration Tests (Task 6.6)","Low Risk Range (0-30) - Success Color"],"fullName":"Gauge Color Rendering Integration Tests (Task 6.6) Low Risk Range (0-30) - Success Color should display success color (#34D399) for score 15","status":"passed","title":"should display success color (#34D399) for score 15","duration":30.21530000000007,"failureMessages":[],"meta":{},"tags":[]},{"ancestorTitles":["Gauge Color Rendering Integration Tests (Task 6.6)","Low Risk Range (0-30) - Success Color"],"fullName":"Gauge Color Rendering Integration Tests (Task 6.6) Low Risk Range (0-30) - Success Color should display success color (#34D399) for score 30","status":"passed","title":"should display success color (#34D399) for score 30","duration":22.155500000000075,"failureMessages":[],"meta":{},"tags":[]},{"ancestorTitles":["Gauge Color Rendering Integration Tests (Task 6.6)","Low Risk Range (0-30) - Success Color"],"fullName":"Gauge Color Rendering Integration Tests (Task 6.6) Low Risk Range (0-30) - Success Color should display \"LOW RISK\" label for scores 0-30","status":"passed","title":"should display \"LOW RISK\" label for scores 0-30","duration":18.61270000000013,"failureMessages":[],"meta":{},"tags":[]},{"ancestorTitles":["Gauge Color Rendering Integration Tests (Task 6.6)","Medium Risk Range (31-69) - Warning Color"],"fullName":"Gauge Color Rendering Integration Tests (Task 6.6) Medium Risk Range (31-69) - Warning Color should display warning color (#FBBF24) for score 31","status":"passed","title":"should display warning color (#FBBF24) for score 31","duration":24.848400000000083,"failureMessages":[],"meta":{},"tags":[]},{"ancestorTitles":["Gauge Color Rendering Integration Tests (Task 6.6)","Medium Risk Range (31-69) - Warning Color"],"fullName":"Gauge Color Rendering Integration Tests (Task 6.6) Medium Risk Range (31-69) - Warning Color should display warning color (#FBBF24) for score 50","status":"passed","title":"should display warning color (#FBBF24) for score 50","duration":16.80079999999998,"failureMessages":[],"meta":{},"tags":[]},{"ancestorTitles":["Gauge Color Rendering Integration Tests (Task 6.6)","Medium Risk Range (31-69) - Warning Color"],"fullName":"Gauge Color Rendering Integration Tests (Task 6.6) Medium Risk Range (31-69) - Warning Color should display warning color (#FBBF24) for score 69","status":"passed","title":"should display warning color (#FBBF24) for score 69","duration":17.09809999999993,"failureMessages":[],"meta":{},"tags":[]},{"ancestorTitles":["Gauge Color Rendering Integration Tests (Task 6.6)","Medium Risk Range (31-69) - Warning Color"],"fullName":"Gauge Color Rendering Integration Tests (Task 6.6) Medium Risk Range (31-69) - Warning Color should display \"MEDIUM RISK\" label for scores 31-69","status":"passed","title":"should display \"MEDIUM RISK\" label for scores 31-69","duration":20.821699999999964,"failureMessages":[],"meta":{},"tags":[]},{"ancestorTitles":["Gauge Color Rendering Integration Tests (Task 6.6)","High Risk Range (70-100) - Danger Color"],"fullName":"Gauge Color Rendering Integration Tests (Task 6.6) High Risk Range (70-100) - Danger Color should display danger color (#F87171) for score 70","status":"passed","title":"should display danger color (#F87171) for score 70","duration":25.310900000000174,"failureMessages":[],"meta":{},"tags":[]},{"ancestorTitles":["Gauge Color Rendering Integration Tests (Task 6.6)","High Risk Range (70-100) - Danger Color"],"fullName":"Gauge Color Rendering Integration Tests (Task 6.6) High Risk Range (70-100) - Danger Color should display danger color (#F87171) for score 85","status":"passed","title":"should display danger color (#F87171) for score 85","duration":18.854000000000042,"failureMessages":[],"meta":{},"tags":[]},{"ancestorTitles":["Gauge Color Rendering Integration Tests (Task 6.6)","High Risk Range (70-100) - Danger Color"],"fullName":"Gauge Color Rendering Integration Tests (Task 6.6) High Risk Range (70-100) - Danger Color should display danger color (#F87171) for score 100","status":"passed","title":"should display danger color (#F87171) for score 100","duration":21.324100000000044,"failureMessages":[],"meta":{},"tags":[]},{"ancestorTitles":["Gauge Color Rendering Integration Tests (Task 6.6)","High Risk Range (70-100) - Danger Color"],"fullName":"Gauge Color Rendering Integration Tests (Task 6.6) High Risk Range (70-100) - Danger Color should display \"HIGH RISK\" label for scores 70-100","status":"passed","title":"should display \"HIGH RISK\" label for scores 70-100","duration":17.279400000000123,"failureMessages":[],"meta":{},"tags":[]},{"ancestorTitles":["Gauge Color Rendering Integration Tests (Task 6.6)","Boundary Value Testing"],"fullName":"Gauge Color Rendering Integration Tests (Task 6.6) Boundary Value Testing should transition from success to warning at boundary (30 vs 31)","status":"passed","title":"should transition from success to warning at boundary (30 vs 31)","duration":16.436500000000024,"failureMessages":[],"meta":{},"tags":[]},{"ancestorTitles":["Gauge Color Rendering Integration Tests (Task 6.6)","Boundary Value Testing"],"fullName":"Gauge Color Rendering Integration Tests (Task 6.6) Boundary Value Testing should transition from warning to danger at boundary (69 vs 70)","status":"passed","title":"should transition from warning to danger at boundary (69 vs 70)","duration":18.9842000000001,"failureMessages":[],"meta":{},"tags":[]},{"ancestorTitles":["Gauge Color Rendering Integration Tests (Task 6.6)","Token Resolution Integration"],"fullName":"Gauge Color Rendering Integration Tests (Task 6.6) Token Resolution Integration should resolve colors from CSS custom properties","status":"passed","title":"should resolve colors from CSS custom properties","duration":14.680999999999813,"failureMessages":[],"meta":{},"tags":[]},{"ancestorTitles":["Gauge Color Rendering Integration Tests (Task 6.6)","Token Resolution Integration"],"fullName":"Gauge Color Rendering Integration Tests (Task 6.6) Token Resolution Integration should use resolved token values in gauge rendering","status":"passed","title":"should use resolved token values in gauge rendering","duration":15.698699999999917,"failureMessages":[],"meta":{},"tags":[]},{"ancestorTitles":["Gauge Color Rendering Integration Tests (Task 6.6)","Token Resolution Integration"],"fullName":"Gauge Color Rendering Integration Tests (Task 6.6) Token Resolution Integration should update colors when CSS custom properties change","status":"passed","title":"should update colors when CSS custom properties change","duration":21.85459999999989,"failureMessages":[],"meta":{},"tags":[]},{"ancestorTitles":["Gauge Color Rendering Integration Tests (Task 6.6)","Visual Consistency"],"fullName":"Gauge Color Rendering Integration Tests (Task 6.6) Visual Consistency should apply consistent colors across all gauge elements","status":"passed","title":"should apply consistent colors across all gauge elements","duration":15.27189999999996,"failureMessages":[],"meta":{},"tags":[]},{"ancestorTitles":["Gauge Color Rendering Integration Tests (Task 6.6)","Visual Consistency"],"fullName":"Gauge Color Rendering Integration Tests (Task 6.6) Visual Consistency should maintain color consistency across multiple updates","status":"passed","title":"should maintain color consistency across multiple updates","duration":15.64630000000011,"failureMessages":[],"meta":{},"tags":[]},{"ancestorTitles":["Gauge Color Rendering Integration Tests (Task 6.6)","Visual Consistency"],"fullName":"Gauge Color Rendering Integration Tests (Task 6.6) Visual Consistency should apply correct glow effects based on risk level","status":"passed","title":"should apply correct glow effects based on risk level","duration":18.088400000000092,"failureMessages":[],"meta":{},"tags":[]},{"ancestorTitles":["Gauge Color Rendering Integration Tests (Task 6.6)","Full Scan Data Integration"],"fullName":"Gauge Color Rendering Integration Tests (Task 6.6) Full Scan Data Integration should render correctly with full scanData structure","status":"passed","title":"should render correctly with full scanData structure","duration":13.935799999999972,"failureMessages":[],"meta":{},"tags":[]},{"ancestorTitles":["Gauge Color Rendering Integration Tests (Task 6.6)","Full Scan Data Integration"],"fullName":"Gauge Color Rendering Integration Tests (Task 6.6) Full Scan Data Integration should handle legacy scanData format","status":"passed","title":"should handle legacy scanData format","duration":14.669399999999996,"failureMessages":[],"meta":{},"tags":[]},{"ancestorTitles":["Gauge Color Rendering Integration Tests (Task 6.6)","Color Hex Value Validation"],"fullName":"Gauge Color Rendering Integration Tests (Task 6.6) Color Hex Value Validation should use exact hex values from token definitions","status":"passed","title":"should use exact hex values from token definitions","duration":16.831900000000132,"failureMessages":[],"meta":{},"tags":[]},{"ancestorTitles":["Gauge Color Rendering Integration Tests (Task 6.6)","Color Hex Value Validation"],"fullName":"Gauge Color Rendering Integration Tests (Task 6.6) Color Hex Value Validation should render gauge with exact token color values","status":"passed","title":"should render gauge with exact token color values","duration":15.093800000000101,"failureMessages":[],"meta":{},"tags":[]},{"ancestorTitles":["Gauge Color Rendering Integration Tests (Task 6.6)","Error Handling and Edge Cases"],"fullName":"Gauge Color Rendering Integration Tests (Task 6.6) Error Handling and Edge Cases should handle missing scan data gracefully","status":"passed","title":"should handle missing scan data gracefully","duration":14.016399999999976,"failureMessages":[],"meta":{},"tags":[]},{"ancestorTitles":["Gauge Color Rendering Integration Tests (Task 6.6)","Error Handling and Edge Cases"],"fullName":"Gauge Color Rendering Integration Tests (Task 6.6) Error Handling and Edge Cases should handle null/undefined values in scan data","status":"passed","title":"should handle null/undefined values in scan data","duration":14.33770000000004,"failureMessages":[],"meta":{},"tags":[]},{"ancestorTitles":["Gauge Color Rendering Integration Tests (Task 6.6)","Error Handling and Edge Cases"],"fullName":"Gauge Color Rendering Integration Tests (Task 6.6) Error Handling and Edge Cases should clamp extreme scores to valid range","status":"passed","title":"should clamp extreme scores to valid range","duration":15.523599999999988,"failureMessages":[],"meta":{},"tags":[]}],"startTime":1777488669774,"endTime":1777488670491.5237,"status":"passed","message":"","name":"D:/Code/CyberGuardWeb/tests/integration/gauge-color-rendering.test.js"}]}